<?xml version="1.0" encoding="UTF-8"?>
<!-- Generated by org.testng.reporters.JUnitXMLReporter -->
<testsuite ignored="0" hostname="DESKTOP-BQOL2O5" failures="0" tests="13" name="Default test" time="11.857" errors="0" timestamp="2024-05-23T10:46:24 IST">
  <testcase classname="SwagLabsdemo.Saucedemo" name="OpenApp" time="7.641"/>
  <testcase classname="SwagLabsdemo.Saucedemo" name="Login" time="0.744"/>
  <testcase classname="SwagLabsdemo.Saucedemo" name="HomePage" time="0.27"/>
  <testcase classname="SwagLabsdemo.Saucedemo" name="Addtocart" time="0.09"/>
  <testcase classname="SwagLabsdemo.Saucedemo" name="OpenCart" time="0.128"/>
  <testcase classname="SwagLabsdemo.Saucedemo" name="continueshopping" time="0.158"/>
  <testcase classname="SwagLabsdemo.Saucedemo" name="addtocartonemoreitem" time="0.472"/>
  <testcase classname="SwagLabsdemo.Saucedemo" name="OpenCart1" time="0.141"/>
  <testcase classname="SwagLabsdemo.Saucedemo" name="checkout" time="0.853"/>
  <testcase classname="SwagLabsdemo.Saucedemo" name="continue1" time="0.278"/>
  <testcase classname="SwagLabsdemo.Saucedemo" name="BackHome" time="0.139"/>
  <testcase classname="SwagLabsdemo.Saucedemo" name="logout" time="0.275"/>
  <testcase classname="SwagLabsdemo.Saucedemo" name="CloseApp" time="0.504"/>
</testsuite> <!-- Default test -->
